d:\users\trang.nh7.buv\downloads\trang\setup\setup\debug\vc142.pdb
d:\users\trang.nh7.buv\downloads\trang\setup\setup\debug\vc142.idb
d:\users\trang.nh7.buv\downloads\trang\setup\setup\debug\gamescreen.obj
d:\users\trang.nh7.buv\downloads\trang\setup\setup\debug\texture2d.obj
d:\users\trang.nh7.buv\downloads\trang\setup\setup\debug\source.obj
d:\users\trang.nh7.buv\downloads\trang\setup\setup\debug\gamescreenlevel1.obj
d:\users\trang.nh7.buv\downloads\trang\setup\setup\debug\gamescreenmanager.obj
d:\users\trang.nh7.buv\downloads\trang\setup\debug\setup.exe
d:\users\trang.nh7.buv\downloads\trang\setup\setup\debug\setup.ilk
d:\users\trang.nh7.buv\downloads\trang\setup\debug\setup.pdb
d:\users\trang.nh7.buv\downloads\trang\setup\setup\debug\setup.res
d:\users\trang.nh7.buv\downloads\trang\setup\setup\debug\source.obj.enc
d:\users\trang.nh7.buv\downloads\trang\setup\setup\debug\setup.tlog\cl.command.1.tlog
d:\users\trang.nh7.buv\downloads\trang\setup\setup\debug\setup.tlog\cl.read.1.tlog
d:\users\trang.nh7.buv\downloads\trang\setup\setup\debug\setup.tlog\cl.write.1.tlog
d:\users\trang.nh7.buv\downloads\trang\setup\setup\debug\setup.tlog\link.command.1.tlog
d:\users\trang.nh7.buv\downloads\trang\setup\setup\debug\setup.tlog\link.read.1.tlog
d:\users\trang.nh7.buv\downloads\trang\setup\setup\debug\setup.tlog\link.write.1.tlog
d:\users\trang.nh7.buv\downloads\trang\setup\setup\debug\setup.tlog\rc.command.1.tlog
d:\users\trang.nh7.buv\downloads\trang\setup\setup\debug\setup.tlog\rc.read.1.tlog
d:\users\trang.nh7.buv\downloads\trang\setup\setup\debug\setup.tlog\rc.write.1.tlog
